<?xml version="1.0" encoding="UTF-8"?>
<testng-results ignored="0" total="1" passed="1" failed="0" skipped="0">
  <reporter-output>
  </reporter-output>
  <suite started-at="2026-01-05T21:45:35 IST" name="Default suite" finished-at="2026-01-05T21:45:35 IST" duration-ms="50">
    <groups>
    </groups>
    <test started-at="2026-01-05T21:45:35 IST" name="Default test" finished-at="2026-01-05T21:45:35 IST" duration-ms="50">
      <class name="ExceptionPractice.DiffExceptions">
        <test-method signature="Exceptn()[pri:0, instance:ExceptionPractice.DiffExceptions@175c2241]" started-at="2026-01-05T21:45:35 IST" name="Exceptn" finished-at="2026-01-05T21:45:35 IST" duration-ms="9" status="PASS">
          <reporter-output>
          </reporter-output>
        </test-method> <!-- Exceptn -->
      </class> <!-- ExceptionPractice.DiffExceptions -->
    </test> <!-- Default test -->
  </suite> <!-- Default suite -->
</testng-results>
